<?xml version="1.0" encoding="UTF-8"?>
<!-- Generated by org.testng.reporters.JUnitReportReporter -->
<testsuite hostname="notebook" failures="0" tests="1" name="com.testProjest.SeleniumTest" time="6.126" errors="0" timestamp="2020-09-20T01:34:30 IST" skipped="0">
  <testcase classname="com.testProjest.SeleniumTest" name="myTest" time="6.126"/>
  <system-out/>
</testsuite> <!-- com.testProjest.SeleniumTest -->
