<?xml version="1.0" encoding="UTF-8"?>
<!-- Generated by org.testng.reporters.JUnitReportReporter -->
<testsuite hostname="notebook" failures="0" tests="3" name="com.qa.tests.GoogleTest" time="12.566" errors="0" timestamp="2021-03-04T19:15:25 IST" skipped="0">
  <testcase classname="com.qa.tests.GoogleTest" name="openGoogleHomePage" time="0.008"/>
  <system-out/>
  <testcase classname="com.qa.tests.GoogleTest" name="search" time="9.657"/>
  <system-out/>
  <testcase classname="com.qa.tests.GoogleTest" name="openFirstResult" time="2.901"/>
  <system-out/>
</testsuite> <!-- com.qa.tests.GoogleTest -->
